2026-01-25 20:14:05,406 INFO: AUDIT: LOGIN by user 1 - User login [in C:\Users\Chaima BEN AYED\Music\phishshield\app.py:137]
2026-01-25 20:14:17,458 INFO: AUDIT: LOGOUT by user 1 - User logout [in C:\Users\Chaima BEN AYED\Music\phishshield\app.py:137]
2026-01-25 20:14:23,034 INFO: AUDIT: LOGIN by user 1 - User login [in C:\Users\Chaima BEN AYED\Music\phishshield\app.py:137]
2026-01-25 20:14:55,593 INFO: AUDIT: LOGOUT by user 1 - User logout [in C:\Users\Chaima BEN AYED\Music\phishshield\app.py:137]
2026-01-25 20:15:09,780 INFO: AUDIT: LOGIN by user 1 - User login [in C:\Users\Chaima BEN AYED\Music\phishshield\app.py:137]
2026-01-25 20:26:57,671 INFO: AUDIT: LOGIN by user 1 - User login [in C:\Users\Chaima BEN AYED\Music\phishshield\app.py:137]
2026-01-25 20:35:28,114 INFO: AUDIT: LOGOUT by user 1 - User logout [in C:\Users\Chaima BEN AYED\Music\phishshield\app.py:137]
2026-01-25 20:35:40,274 INFO: AUDIT: LOGIN by user 1 - User login [in C:\Users\Chaima BEN AYED\Music\phishshield\app.py:137]
2026-01-25 20:54:58,505 INFO: AUDIT: CREATE_CAMPAIGN by user 1 - Created campaign: Test Sécurité Q1 [in C:\Users\Chaima BEN AYED\Music\phishshield\app.py:137]
2026-01-25 20:54:58,523 INFO: AUDIT: SEND_CAMPAIGN by user 1 - Sent campaign Test Sécurité Q1 to 2 users [in C:\Users\Chaima BEN AYED\Music\phishshield\app.py:137]
2026-01-25 20:56:53,584 INFO: AUDIT: CREATE_CAMPAIGN by user 1 - Created campaign: f [in C:\Users\Chaima BEN AYED\Music\phishshield\app.py:137]
2026-01-25 20:56:53,598 INFO: AUDIT: SEND_CAMPAIGN by user 1 - Sent campaign f to 1 users [in C:\Users\Chaima BEN AYED\Music\phishshield\app.py:137]
2026-01-25 21:07:12,028 INFO: AUDIT: LOGIN by user 1 - User login [in C:\Users\Chaima BEN AYED\Music\phishshield\app.py:137]
2026-01-25 21:08:09,530 INFO: AUDIT: LOGIN by user 1 - User login [in C:\Users\Chaima BEN AYED\Music\phishshield\app.py:137]
2026-01-25 21:09:19,335 INFO: AUDIT: CREATE_CAMPAIGN by user 1 - Created campaign: Test Phishing [in C:\Users\Chaima BEN AYED\Music\phishshield\app.py:137]
2026-01-25 21:09:19,367 INFO: AUDIT: SEND_CAMPAIGN by user 1 - Sent campaign Test Phishing to 1 users [in C:\Users\Chaima BEN AYED\Music\phishshield\app.py:137]
2026-01-25 21:14:20,206 INFO: AUDIT: CREATE_CAMPAIGN by user 1 - Created: test chaima [in C:\Users\Chaima BEN AYED\Music\phishshield\app.py:133]
2026-01-25 21:14:30,326 INFO: AUDIT: SEND_CAMPAIGN by user 1 - Sent to 1 recipients [in C:\Users\Chaima BEN AYED\Music\phishshield\app.py:133]
2026-01-25 21:14:30,361 INFO: AUDIT: CREATE_CAMPAIGN by user 1 - Created: test chaima [in C:\Users\Chaima BEN AYED\Music\phishshield\app.py:133]
2026-01-25 21:14:36,057 INFO: AUDIT: SEND_CAMPAIGN by user 1 - Sent to 1 recipients [in C:\Users\Chaima BEN AYED\Music\phishshield\app.py:133]
2026-01-25 21:20:03,163 INFO: AUDIT: LOGOUT by user 1 - User logout [in C:\Users\Chaima BEN AYED\Music\phishshield\app.py:133]
2026-01-25 21:20:20,326 INFO: AUDIT: LOGIN by user 1 - User login [in C:\Users\Chaima BEN AYED\Music\phishshield\app.py:133]
2026-01-25 21:39:38,203 INFO: AUDIT: LOGIN by user 1 - User login [in C:\Users\Chaima BEN AYED\Music\phishshield - Copiech\app.py:137]
2026-01-25 21:43:47,008 INFO: AUDIT: LOGIN by user 1 - User login [in C:\Users\Chaima BEN AYED\Music\phishshield - Copiech\app.py:137]
2026-01-25 21:45:17,695 INFO: AUDIT: LOGIN by user 1 - User login [in C:\Users\Chaima BEN AYED\Music\phishshield - Copiech\app.py:137]
2026-01-25 21:48:56,252 INFO: AUDIT: LOGIN by user 1 - User login [in C:\Users\Chaima BEN AYED\Music\phishshield - Copiech\app.py:137]
2026-01-25 21:52:00,150 INFO: AUDIT: CREATE_CAMPAIGN by user 1 - Created campaign: Test sec [in C:\Users\Chaima BEN AYED\Music\phishshield - Copiech\app.py:137]
2026-01-25 21:52:08,044 INFO: AUDIT: SEND_CAMPAIGN by user 1 - Sent campaign Test sec to 3 users [in C:\Users\Chaima BEN AYED\Music\phishshield - Copiech\app.py:137]
2026-01-25 21:52:08,090 INFO: AUDIT: CREATE_CAMPAIGN by user 1 - Created campaign: Test sec [in C:\Users\Chaima BEN AYED\Music\phishshield - Copiech\app.py:137]
2026-01-25 21:52:16,262 INFO: AUDIT: SEND_CAMPAIGN by user 1 - Sent campaign Test sec to 3 users [in C:\Users\Chaima BEN AYED\Music\phishshield - Copiech\app.py:137]
2026-01-25 21:52:24,877 INFO: Email opened by user 2 [in C:\Users\Chaima BEN AYED\Music\phishshield - Copiech\app.py:362]
2026-01-25 21:52:40,237 INFO: Email opened by user 5 [in C:\Users\Chaima BEN AYED\Music\phishshield - Copiech\app.py:362]
2026-01-25 21:52:59,262 INFO: Email opened by user 2 [in C:\Users\Chaima BEN AYED\Music\phishshield - Copiech\app.py:362]
2026-01-25 21:53:04,828 INFO: Email opened by user 5 [in C:\Users\Chaima BEN AYED\Music\phishshield - Copiech\app.py:362]
2026-01-25 21:53:25,608 INFO: Email opened by user 2 [in C:\Users\Chaima BEN AYED\Music\phishshield - Copiech\app.py:362]
2026-01-25 21:53:36,491 INFO: Email opened by user 2 [in C:\Users\Chaima BEN AYED\Music\phishshield - Copiech\app.py:362]
2026-01-25 21:53:57,209 INFO: Email opened by user 2 [in C:\Users\Chaima BEN AYED\Music\phishshield - Copiech\app.py:362]
2026-01-25 22:00:50,225 INFO: QUIZ NOTIFICATION: Received request for quiz_id=1, users=1 [in C:\Users\Chaima BEN AYED\Music\phishshield - Copiech\app.py:413]
2026-01-25 22:00:53,287 INFO: QUIZ NOTIFICATION: Received request for quiz_id=1, users=1 [in C:\Users\Chaima BEN AYED\Music\phishshield - Copiech\app.py:413]
2026-01-25 22:00:54,447 INFO: AUDIT: SEND_QUIZ by user 1 - Sent quiz Quiz Phishing Débutant to 1 users [in C:\Users\Chaima BEN AYED\Music\phishshield - Copiech\app.py:137]
2026-01-25 22:00:54,449 INFO: QUIZ NOTIFICATION COMPLETE: 1 emails sent [in C:\Users\Chaima BEN AYED\Music\phishshield - Copiech\app.py:495]
2026-01-25 22:00:57,835 INFO: AUDIT: SEND_QUIZ by user 1 - Sent quiz Quiz Phishing Débutant to 1 users [in C:\Users\Chaima BEN AYED\Music\phishshield - Copiech\app.py:137]
2026-01-25 22:00:57,836 INFO: QUIZ NOTIFICATION COMPLETE: 1 emails sent [in C:\Users\Chaima BEN AYED\Music\phishshield - Copiech\app.py:495]
2026-01-25 22:04:34,268 INFO: AUDIT: FAILED_LOGIN by user None - Failed login attempt for kadygakchaichi [in C:\Users\Chaima BEN AYED\Music\phishshield - Copiech\app.py:137]
2026-01-25 22:05:12,958 INFO: AUDIT: LOGIN by user 2 - User login [in C:\Users\Chaima BEN AYED\Music\phishshield - Copiech\app.py:137]
2026-01-25 22:10:03,600 INFO: AUDIT: QUIZ_COMPLETED by user 2 - Completed quiz 1 with score 0 [in C:\Users\Chaima BEN AYED\Music\phishshield - Copiech\app.py:137]
2026-01-25 22:13:09,733 INFO: AUDIT: QUIZ_COMPLETED by user 2 - Completed quiz 1 with score 0 [in C:\Users\Chaima BEN AYED\Music\phishshield - Copiech\app.py:137]
2026-01-25 22:13:25,684 INFO: AUDIT: QUIZ_COMPLETED by user 2 - Completed quiz 1 with score 33 [in C:\Users\Chaima BEN AYED\Music\phishshield - Copiech\app.py:137]
2026-01-25 22:13:39,598 INFO: AUDIT: QUIZ_COMPLETED by user 2 - Completed quiz 1 with score 33 [in C:\Users\Chaima BEN AYED\Music\phishshield - Copiech\app.py:137]
2026-01-25 22:13:54,702 INFO: AUDIT: QUIZ_COMPLETED by user 2 - Completed quiz 2 with score 0 [in C:\Users\Chaima BEN AYED\Music\phishshield - Copiech\app.py:137]
2026-01-25 22:13:59,910 INFO: AUDIT: QUIZ_COMPLETED by user 2 - Completed quiz 2 with score 0 [in C:\Users\Chaima BEN AYED\Music\phishshield - Copiech\app.py:137]
2026-01-25 22:14:05,581 INFO: AUDIT: QUIZ_COMPLETED by user 2 - Completed quiz 2 with score 0 [in C:\Users\Chaima BEN AYED\Music\phishshield - Copiech\app.py:137]
2026-01-25 22:14:11,836 INFO: AUDIT: QUIZ_COMPLETED by user 2 - Completed quiz 2 with score 50 [in C:\Users\Chaima BEN AYED\Music\phishshield - Copiech\app.py:137]
2026-01-25 22:24:03,567 INFO: QUIZ NOTIFICATION: Received request for quiz_id=1, users=1 [in C:\Users\Chaima BEN AYED\Music\phishshield - Copiech\app.py:413]
2026-01-25 22:24:07,278 INFO: QUIZ NOTIFICATION: Received request for quiz_id=1, users=1 [in C:\Users\Chaima BEN AYED\Music\phishshield - Copiech\app.py:413]
2026-01-25 22:24:09,685 INFO: AUDIT: SEND_QUIZ by user 1 - Sent quiz Quiz Phishing Débutant to 1 users [in C:\Users\Chaima BEN AYED\Music\phishshield - Copiech\app.py:137]
2026-01-25 22:24:09,686 INFO: QUIZ NOTIFICATION COMPLETE: 1 emails sent [in C:\Users\Chaima BEN AYED\Music\phishshield - Copiech\app.py:512]
2026-01-25 22:24:12,451 INFO: AUDIT: SEND_QUIZ by user 1 - Sent quiz Quiz Phishing Débutant to 1 users [in C:\Users\Chaima BEN AYED\Music\phishshield - Copiech\app.py:137]
2026-01-25 22:24:12,453 INFO: QUIZ NOTIFICATION COMPLETE: 1 emails sent [in C:\Users\Chaima BEN AYED\Music\phishshield - Copiech\app.py:512]
2026-01-25 22:24:49,237 INFO: AUDIT: FAILED_LOGIN by user None - Failed login attempt for kadygakchaichi@gmail.com [in C:\Users\Chaima BEN AYED\Music\phishshield - Copiech\app.py:137]
2026-01-25 22:25:11,543 INFO: AUDIT: LOGIN by user 2 - User login [in C:\Users\Chaima BEN AYED\Music\phishshield - Copiech\app.py:137]
2026-01-25 22:25:26,669 INFO: AUDIT: QUIZ_COMPLETED by user 2 - Completed quiz 1 with score 33 [in C:\Users\Chaima BEN AYED\Music\phishshield - Copiech\app.py:137]
2026-01-25 22:32:58,239 INFO: QUIZ NOTIFICATION: Received request for quiz_id=2, users=1 [in C:\Users\Chaima BEN AYED\Music\phishshield - Copiech\app.py:413]
2026-01-25 22:33:00,278 INFO: QUIZ NOTIFICATION: Received request for quiz_id=2, users=1 [in C:\Users\Chaima BEN AYED\Music\phishshield - Copiech\app.py:413]
2026-01-25 22:33:03,942 INFO: AUDIT: SEND_QUIZ by user 1 - Sent quiz Quiz Phishing Intermédiaire to 1 users [in C:\Users\Chaima BEN AYED\Music\phishshield - Copiech\app.py:137]
2026-01-25 22:33:03,944 INFO: QUIZ NOTIFICATION COMPLETE: 1 emails sent [in C:\Users\Chaima BEN AYED\Music\phishshield - Copiech\app.py:512]
2026-01-25 22:33:04,263 INFO: AUDIT: SEND_QUIZ by user 1 - Sent quiz Quiz Phishing Intermédiaire to 1 users [in C:\Users\Chaima BEN AYED\Music\phishshield - Copiech\app.py:137]
2026-01-25 22:33:04,264 INFO: QUIZ NOTIFICATION COMPLETE: 1 emails sent [in C:\Users\Chaima BEN AYED\Music\phishshield - Copiech\app.py:512]
2026-01-25 22:33:43,461 INFO: AUDIT: LOGIN by user 5 - User login [in C:\Users\Chaima BEN AYED\Music\phishshield - Copiech\app.py:137]
2026-01-25 22:33:58,133 INFO: AUDIT: QUIZ_COMPLETED by user 5 - Completed quiz 1 with score 33 [in C:\Users\Chaima BEN AYED\Music\phishshield - Copiech\app.py:137]
2026-01-25 22:34:41,843 INFO: AUDIT: QUIZ_COMPLETED by user 2 - Completed quiz 1 with score 33 [in C:\Users\Chaima BEN AYED\Music\phishshield - Copiech\app.py:137]
2026-01-25 22:34:50,138 INFO: AUDIT: QUIZ_COMPLETED by user 2 - Completed quiz 2 with score 50 [in C:\Users\Chaima BEN AYED\Music\phishshield - Copiech\app.py:137]
2026-01-25 22:35:11,371 INFO: AUDIT: QUIZ_COMPLETED by user 5 - Completed quiz 2 with score 50 [in C:\Users\Chaima BEN AYED\Music\phishshield - Copiech\app.py:137]
2026-01-25 22:35:19,284 INFO: AUDIT: QUIZ_COMPLETED by user 5 - Completed quiz 1 with score 33 [in C:\Users\Chaima BEN AYED\Music\phishshield - Copiech\app.py:137]
2026-01-25 22:35:24,785 INFO: AUDIT: QUIZ_COMPLETED by user 5 - Completed quiz 2 with score 50 [in C:\Users\Chaima BEN AYED\Music\phishshield - Copiech\app.py:137]
2026-01-25 22:36:31,071 INFO: AUDIT: LOGOUT by user 1 - User logout [in C:\Users\Chaima BEN AYED\Music\phishshield - Copiech\app.py:137]
2026-01-25 23:04:31,439 INFO: AUDIT: LOGIN by user 1 - User login [in C:\Users\Chaima BEN AYED\Music\phishshield - Copiech\app.py:137]
2026-01-25 23:04:57,369 INFO: AUDIT: LOGOUT by user 2 - User logout [in C:\Users\Chaima BEN AYED\Music\phishshield - Copiech\app.py:137]
2026-01-25 23:05:10,512 INFO: AUDIT: FAILED_LOGIN by user None - Failed login attempt for Khadija [in C:\Users\Chaima BEN AYED\Music\phishshield - Copiech\app.py:137]
2026-01-25 23:05:28,399 INFO: AUDIT: LOGIN by user 2 - User login [in C:\Users\Chaima BEN AYED\Music\phishshield - Copiech\app.py:137]
2026-01-25 23:05:37,185 INFO: AUDIT: QUIZ_COMPLETED by user 2 - Completed quiz 1 with score 33 [in C:\Users\Chaima BEN AYED\Music\phishshield - Copiech\app.py:137]
2026-01-26 22:01:39,771 INFO: AUDIT: LOGIN by user 1 - User login [in C:\Users\Chaima BEN AYED\Music\phishshield - Copiech\app.py:137]
2026-01-26 22:01:47,204 INFO: QUIZ NOTIFICATION: Received request for quiz_id=1, users=1 [in C:\Users\Chaima BEN AYED\Music\phishshield - Copiech\app.py:413]
2026-01-26 22:01:54,356 INFO: AUDIT: SEND_QUIZ by user 1 - Sent quiz Quiz Phishing Débutant to 1 users [in C:\Users\Chaima BEN AYED\Music\phishshield - Copiech\app.py:137]
2026-01-26 22:01:54,360 INFO: QUIZ NOTIFICATION COMPLETE: 1 emails sent [in C:\Users\Chaima BEN AYED\Music\phishshield - Copiech\app.py:512]
2026-01-26 22:02:29,878 INFO: AUDIT: LOGIN by user 2 - User login [in C:\Users\Chaima BEN AYED\Music\phishshield - Copiech\app.py:137]
2026-01-26 22:02:38,536 INFO: AUDIT: QUIZ_COMPLETED by user 2 - Completed quiz 1 with score 33 [in C:\Users\Chaima BEN AYED\Music\phishshield - Copiech\app.py:137]
2026-01-26 22:02:48,722 INFO: AUDIT: QUIZ_COMPLETED by user 2 - Completed quiz 2 with score 50 [in C:\Users\Chaima BEN AYED\Music\phishshield - Copiech\app.py:137]
2026-01-26 22:32:43,443 INFO: AUDIT: LOGIN by user 1 - User login [in C:\Users\Chaima BEN AYED\Music\Nouveau dossier\phishshield - Copiech\app.py:137]
2026-01-26 22:32:59,026 INFO: QUIZ NOTIFICATION: Received request for quiz_id=1, users=1 [in C:\Users\Chaima BEN AYED\Music\Nouveau dossier\phishshield - Copiech\app.py:413]
2026-01-26 22:33:02,593 INFO: AUDIT: SEND_QUIZ by user 1 - Sent quiz Quiz Phishing Débutant to 1 users [in C:\Users\Chaima BEN AYED\Music\Nouveau dossier\phishshield - Copiech\app.py:137]
2026-01-26 22:33:02,593 INFO: QUIZ NOTIFICATION COMPLETE: 1 emails sent [in C:\Users\Chaima BEN AYED\Music\Nouveau dossier\phishshield - Copiech\app.py:512]
2026-01-26 22:33:24,274 INFO: AUDIT: LOGIN by user 5 - User login [in C:\Users\Chaima BEN AYED\Music\Nouveau dossier\phishshield - Copiech\app.py:137]
2026-01-26 22:33:31,195 INFO: AUDIT: QUIZ_COMPLETED by user 5 - Completed quiz 1 with score 33 [in C:\Users\Chaima BEN AYED\Music\Nouveau dossier\phishshield - Copiech\app.py:137]
2026-01-26 22:33:39,175 INFO: AUDIT: QUIZ_COMPLETED by user 5 - Completed quiz 1 with score 33 [in C:\Users\Chaima BEN AYED\Music\Nouveau dossier\phishshield - Copiech\app.py:137]
2026-01-26 22:33:47,166 INFO: AUDIT: QUIZ_COMPLETED by user 5 - Completed quiz 2 with score 50 [in C:\Users\Chaima BEN AYED\Music\Nouveau dossier\phishshield - Copiech\app.py:137]
2026-01-26 22:36:44,008 INFO: AUDIT: QUIZ_COMPLETED by user 5 - Completed quiz 1 with score 67 [in C:\Users\Chaima BEN AYED\Music\Nouveau dossier\phishshield - Copiech\app.py:137]
2026-01-26 22:37:24,820 INFO: AUDIT: QUIZ_COMPLETED by user 5 - Completed quiz 1 with score 67 [in C:\Users\Chaima BEN AYED\Music\Nouveau dossier\phishshield - Copiech\app.py:137]
2026-01-26 22:37:43,634 INFO: AUDIT: QUIZ_COMPLETED by user 5 - Completed quiz 2 with score 100 [in C:\Users\Chaima BEN AYED\Music\Nouveau dossier\phishshield - Copiech\app.py:137]
2026-01-26 22:38:13,694 INFO: AUDIT: QUIZ_COMPLETED by user 5 - Completed quiz 1 with score 100 [in C:\Users\Chaima BEN AYED\Music\Nouveau dossier\phishshield - Copiech\app.py:137]
2026-01-26 22:41:37,869 INFO: AUDIT: QUIZ_COMPLETED by user 5 - Completed quiz 1 with score 100 [in C:\Users\Chaima BEN AYED\Music\Nouveau dossier\phishshield - Copiech\app.py:137]
2026-01-26 22:41:54,070 INFO: AUDIT: QUIZ_COMPLETED by user 5 - Completed quiz 2 with score 100 [in C:\Users\Chaima BEN AYED\Music\Nouveau dossier\phishshield - Copiech\app.py:137]
2026-01-26 22:43:41,074 INFO: AUDIT: LOGIN by user 1 - User login [in C:\Users\Chaima BEN AYED\Music\Nouveau dossier\phishshield - Copiech\app.py:137]
2026-01-26 22:43:54,700 INFO: QUIZ NOTIFICATION: Received request for quiz_id=1, users=1 [in C:\Users\Chaima BEN AYED\Music\Nouveau dossier\phishshield - Copiech\app.py:413]
2026-01-26 22:43:57,215 INFO: AUDIT: SEND_QUIZ by user 1 - Sent quiz Quiz Phishing Débutant to 1 users [in C:\Users\Chaima BEN AYED\Music\Nouveau dossier\phishshield - Copiech\app.py:137]
2026-01-26 22:43:57,216 INFO: QUIZ NOTIFICATION COMPLETE: 1 emails sent [in C:\Users\Chaima BEN AYED\Music\Nouveau dossier\phishshield - Copiech\app.py:512]
2026-01-26 22:44:14,155 INFO: AUDIT: LOGIN by user 5 - User login [in C:\Users\Chaima BEN AYED\Music\Nouveau dossier\phishshield - Copiech\app.py:137]
2026-01-27 18:22:24,623 INFO: AUDIT: LOGIN by user 1 - User login [in C:\Users\Chaima BEN AYED\Music\Nouveau dossier\phishshield - chaima\app.py:137]
2026-01-27 18:23:21,705 INFO: AUDIT: CREATE_CAMPAIGN by user 1 - Created campaign: Test chaima [in C:\Users\Chaima BEN AYED\Music\Nouveau dossier\phishshield - chaima\app.py:137]
2026-01-27 18:23:26,199 INFO: AUDIT: SEND_CAMPAIGN by user 1 - Sent campaign Test chaima to 1 users [in C:\Users\Chaima BEN AYED\Music\Nouveau dossier\phishshield - chaima\app.py:137]
2026-01-27 18:23:46,473 INFO: Email opened by user 3 [in C:\Users\Chaima BEN AYED\Music\Nouveau dossier\phishshield - chaima\app.py:362]
2026-01-27 18:23:59,324 INFO: Email opened by user 3 [in C:\Users\Chaima BEN AYED\Music\Nouveau dossier\phishshield - chaima\app.py:362]
2026-01-27 18:24:08,101 INFO: Email opened by user 3 [in C:\Users\Chaima BEN AYED\Music\Nouveau dossier\phishshield - chaima\app.py:362]
2026-01-27 18:24:22,543 INFO: Email opened by user 3 [in C:\Users\Chaima BEN AYED\Music\Nouveau dossier\phishshield - chaima\app.py:362]
2026-01-27 18:24:37,637 INFO: Email opened by user 3 [in C:\Users\Chaima BEN AYED\Music\Nouveau dossier\phishshield - chaima\app.py:362]
2026-01-27 18:24:46,298 INFO: Email opened by user 3 [in C:\Users\Chaima BEN AYED\Music\Nouveau dossier\phishshield - chaima\app.py:362]
2026-01-27 18:26:08,576 INFO: QUIZ NOTIFICATION: Received request for quiz_id=2, users=1 [in C:\Users\Chaima BEN AYED\Music\Nouveau dossier\phishshield - chaima\app.py:444]
2026-01-27 18:26:11,068 INFO: AUDIT: SEND_QUIZ by user 1 - Sent quiz Quiz Phishing Intermédiaire to 1 users [in C:\Users\Chaima BEN AYED\Music\Nouveau dossier\phishshield - chaima\app.py:137]
2026-01-27 18:26:11,069 INFO: QUIZ NOTIFICATION COMPLETE: 1 emails sent [in C:\Users\Chaima BEN AYED\Music\Nouveau dossier\phishshield - chaima\app.py:543]
2026-01-27 18:26:29,069 INFO: QUIZ NOTIFICATION: Received request for quiz_id=2, users=1 [in C:\Users\Chaima BEN AYED\Music\Nouveau dossier\phishshield - chaima\app.py:444]
2026-01-27 18:26:36,320 INFO: QUIZ NOTIFICATION: Received request for quiz_id=2, users=1 [in C:\Users\Chaima BEN AYED\Music\Nouveau dossier\phishshield - chaima\app.py:444]
2026-01-27 18:26:37,246 INFO: AUDIT: SEND_QUIZ by user 1 - Sent quiz Quiz Phishing Intermédiaire to 1 users [in C:\Users\Chaima BEN AYED\Music\Nouveau dossier\phishshield - chaima\app.py:137]
2026-01-27 18:26:37,249 INFO: QUIZ NOTIFICATION COMPLETE: 1 emails sent [in C:\Users\Chaima BEN AYED\Music\Nouveau dossier\phishshield - chaima\app.py:543]
2026-01-27 18:26:41,153 INFO: AUDIT: SEND_QUIZ by user 1 - Sent quiz Quiz Phishing Intermédiaire to 1 users [in C:\Users\Chaima BEN AYED\Music\Nouveau dossier\phishshield - chaima\app.py:137]
2026-01-27 18:26:41,155 INFO: QUIZ NOTIFICATION COMPLETE: 1 emails sent [in C:\Users\Chaima BEN AYED\Music\Nouveau dossier\phishshield - chaima\app.py:543]
2026-01-27 18:27:51,126 INFO: AUDIT: LOGIN by user 3 - User login [in C:\Users\Chaima BEN AYED\Music\Nouveau dossier\phishshield - chaima\app.py:137]
2026-01-27 18:28:06,703 INFO: AUDIT: QUIZ_COMPLETED by user 3 - Completed quiz 1 with score 100 [in C:\Users\Chaima BEN AYED\Music\Nouveau dossier\phishshield - chaima\app.py:137]
2026-01-27 18:28:40,902 INFO: AUDIT: QUIZ_COMPLETED by user 3 - Completed quiz 2 with score 100 [in C:\Users\Chaima BEN AYED\Music\Nouveau dossier\phishshield - chaima\app.py:137]
2026-01-27 20:08:24,216 INFO: AUDIT: LOGIN by user 1 - User login [in C:\Users\Chaima BEN AYED\Music\Nouveau dossier\phishshield - chaima\app.py:137]
2026-01-27 20:13:52,993 INFO: AUDIT: CREATE_CAMPAIGN by user 1 - Created campaign: Chaima [in C:\Users\Chaima BEN AYED\Music\Nouveau dossier\phishshield - chaima\app.py:137]
2026-01-27 20:14:00,212 INFO: AUDIT: SEND_CAMPAIGN by user 1 - Sent campaign Chaima to 3 users [in C:\Users\Chaima BEN AYED\Music\Nouveau dossier\phishshield - chaima\app.py:137]
2026-01-27 20:14:55,493 INFO: Email opened by user 5 [in C:\Users\Chaima BEN AYED\Music\Nouveau dossier\phishshield - chaima\app.py:362]
2026-01-27 20:15:01,400 INFO: Email opened by user 2 [in C:\Users\Chaima BEN AYED\Music\Nouveau dossier\phishshield - chaima\app.py:362]
2026-01-27 20:16:35,441 INFO: Email opened by user 2 [in C:\Users\Chaima BEN AYED\Music\Nouveau dossier\phishshield - chaima\app.py:362]
2026-01-27 20:16:38,887 INFO: Email opened by user 5 [in C:\Users\Chaima BEN AYED\Music\Nouveau dossier\phishshield - chaima\app.py:362]
2026-01-27 20:17:02,439 INFO: Email opened by user 5 [in C:\Users\Chaima BEN AYED\Music\Nouveau dossier\phishshield - chaima\app.py:362]
2026-01-27 20:17:05,401 INFO: Email opened by user 2 [in C:\Users\Chaima BEN AYED\Music\Nouveau dossier\phishshield - chaima\app.py:362]
2026-01-27 20:17:26,823 INFO: Email opened by user 2 [in C:\Users\Chaima BEN AYED\Music\Nouveau dossier\phishshield - chaima\app.py:362]
2026-01-27 20:17:29,266 INFO: Email opened by user 5 [in C:\Users\Chaima BEN AYED\Music\Nouveau dossier\phishshield - chaima\app.py:362]
2026-01-27 20:17:47,899 INFO: QUIZ NOTIFICATION: Received request for quiz_id=1, users=2 [in C:\Users\Chaima BEN AYED\Music\Nouveau dossier\phishshield - chaima\app.py:444]
2026-01-27 20:17:56,193 INFO: AUDIT: SEND_QUIZ by user 1 - Sent quiz Quiz Phishing Débutant to 2 users [in C:\Users\Chaima BEN AYED\Music\Nouveau dossier\phishshield - chaima\app.py:137]
2026-01-27 20:17:56,196 INFO: QUIZ NOTIFICATION COMPLETE: 2 emails sent [in C:\Users\Chaima BEN AYED\Music\Nouveau dossier\phishshield - chaima\app.py:543]
2026-01-27 20:18:12,054 INFO: AUDIT: LOGIN by user 2 - User login [in C:\Users\Chaima BEN AYED\Music\Nouveau dossier\phishshield - chaima\app.py:137]
2026-01-27 20:22:18,793 INFO: AUDIT: QUIZ_COMPLETED by user 2 - Completed quiz 1 with score 100 [in C:\Users\Chaima BEN AYED\Music\Nouveau dossier\phishshield - chaima\app.py:137]
2026-01-27 20:23:08,593 INFO: AUDIT: QUIZ_COMPLETED by user 2 - Completed quiz 2 with score 100 [in C:\Users\Chaima BEN AYED\Music\Nouveau dossier\phishshield - chaima\app.py:137]
2026-01-27 20:24:50,096 INFO: QUIZ NOTIFICATION: Received request for quiz_id=2, users=1 [in C:\Users\Chaima BEN AYED\Music\Nouveau dossier\phishshield - chaima\app.py:444]
2026-01-27 20:24:56,207 INFO: AUDIT: SEND_QUIZ by user 1 - Sent quiz Quiz Phishing Intermédiaire to 1 users [in C:\Users\Chaima BEN AYED\Music\Nouveau dossier\phishshield - chaima\app.py:137]
2026-01-27 20:24:56,207 INFO: QUIZ NOTIFICATION COMPLETE: 1 emails sent [in C:\Users\Chaima BEN AYED\Music\Nouveau dossier\phishshield - chaima\app.py:543]
2026-01-27 20:25:33,289 INFO: AUDIT: LOGIN by user 2 - User login [in C:\Users\Chaima BEN AYED\Music\Nouveau dossier\phishshield - chaima\app.py:137]
2026-01-27 20:25:53,626 INFO: AUDIT: LOGOUT by user 2 - User logout [in C:\Users\Chaima BEN AYED\Music\Nouveau dossier\phishshield - chaima\app.py:137]
2026-01-27 20:26:18,508 INFO: AUDIT: LOGOUT by user 1 - User logout [in C:\Users\Chaima BEN AYED\Music\Nouveau dossier\phishshield - chaima\app.py:137]
2026-01-27 20:27:07,073 INFO: AUDIT: LOGIN by user 2 - User login [in C:\Users\Chaima BEN AYED\Music\Nouveau dossier\phishshield - chaima\app.py:137]
2026-01-27 20:33:26,977 INFO: AUDIT: LOGIN by user 1 - User login [in C:\Users\Chaima BEN AYED\Music\Nouveau dossier\phishshield - chaima\app.py:137]
2026-01-27 20:33:42,346 INFO: AUDIT: CREATE_CAMPAIGN by user 1 - Created campaign: f [in C:\Users\Chaima BEN AYED\Music\Nouveau dossier\phishshield - chaima\app.py:137]
2026-01-27 20:33:54,312 INFO: AUDIT: SEND_CAMPAIGN by user 1 - Sent campaign f to 1 users [in C:\Users\Chaima BEN AYED\Music\Nouveau dossier\phishshield - chaima\app.py:137]
2026-01-27 20:34:12,096 INFO: Email opened by user 2 [in C:\Users\Chaima BEN AYED\Music\Nouveau dossier\phishshield - chaima\app.py:362]
2026-01-29 22:07:58,842 INFO: AUDIT: LOGIN by user 1 - User login [in C:\Users\Chaima BEN AYED\Music\Nouveau dossier\phishshield - chaima\app.py:137]
2026-01-29 22:08:03,552 INFO: AUDIT: LOGIN by user 1 - User login [in C:\Users\Chaima BEN AYED\Music\Nouveau dossier\phishshield - chaima\app.py:137]
2026-01-29 22:14:03,880 INFO: AUDIT: CREATE_CAMPAIGN by user 1 - Created campaign: Alerte Sécurité Urgente [in C:\Users\Chaima BEN AYED\Music\Nouveau dossier\phishshield - chaima\app.py:137]
2026-01-29 22:14:12,530 INFO: AUDIT: SEND_CAMPAIGN by user 1 - Sent campaign Alerte Sécurité Urgente to 3 users [in C:\Users\Chaima BEN AYED\Music\Nouveau dossier\phishshield - chaima\app.py:137]
2026-01-29 22:15:53,848 INFO: Email opened by user 5 [in C:\Users\Chaima BEN AYED\Music\Nouveau dossier\phishshield - chaima\app.py:362]
2026-01-29 22:15:57,310 INFO: Email opened by user 3 [in C:\Users\Chaima BEN AYED\Music\Nouveau dossier\phishshield - chaima\app.py:362]
2026-01-29 22:17:58,302 INFO: QUIZ NOTIFICATION: Received request for quiz_id=1, users=2 [in C:\Users\Chaima BEN AYED\Music\Nouveau dossier\phishshield - chaima\app.py:444]
2026-01-29 22:18:04,617 INFO: AUDIT: SEND_QUIZ by user 1 - Sent quiz Quiz Phishing Débutant to 2 users [in C:\Users\Chaima BEN AYED\Music\Nouveau dossier\phishshield - chaima\app.py:137]
2026-01-29 22:18:04,618 INFO: QUIZ NOTIFICATION COMPLETE: 2 emails sent [in C:\Users\Chaima BEN AYED\Music\Nouveau dossier\phishshield - chaima\app.py:543]
2026-01-29 22:20:21,910 INFO: AUDIT: LOGIN by user 3 - User login [in C:\Users\Chaima BEN AYED\Music\Nouveau dossier\phishshield - chaima\app.py:137]
2026-01-29 22:21:22,689 INFO: AUDIT: QUIZ_COMPLETED by user 3 - Completed quiz 1 with score 100 [in C:\Users\Chaima BEN AYED\Music\Nouveau dossier\phishshield - chaima\app.py:137]
2026-01-29 23:51:24,544 INFO: AUDIT: LOGIN by user 1 - User login [in C:\phishshield - chaima\app.py:137]
